2020-12-12 12:37:45,739 INFO (StartupInfoLogger.java:55)- Starting JwtApplication using Java 1.8.0_171 on WRGHO-20190617L with PID 8468 (E:\Program Code\Spring-Boot-JWT\target\classes started by Administrator in E:\Program Code\Spring-Boot-JWT)
2020-12-12 12:37:45,743 INFO (SpringApplication.java:664)- The following profiles are active: dev
2020-12-12 12:37:45,798 INFO (DeferredLog.java:255)- Devtools property defaults active! Set 'spring.devtools.add-properties' to 'false' to disable
2020-12-12 12:37:45,798 INFO (DeferredLog.java:255)- For additional web related logging consider setting the 'logging.level.web' property to 'DEBUG'
2020-12-12 12:37:46,466 INFO (RepositoryConfigurationDelegate.java:128)- Bootstrapping Spring Data JPA repositories in DEFERRED mode.
2020-12-12 12:37:46,491 INFO (RepositoryConfigurationDelegate.java:188)- Finished Spring Data repository scanning in 12 ms. Found 0 JPA repository interfaces.
2020-12-12 12:37:46,803 INFO (PostProcessorRegistrationDelegate.java:350)- Bean 'org.springframework.ws.config.annotation.DelegatingWsConfiguration' of type [org.springframework.ws.config.annotation.DelegatingWsConfiguration$$EnhancerBySpringCGLIB$$299e3c60] is not eligible for getting processed by all BeanPostProcessors (for example: not eligible for auto-proxying)
2020-12-12 12:37:46,838 INFO (AbstractAddressingEndpointMapping.java:236)- Supporting [WS-Addressing August 2004, WS-Addressing 1.0]
2020-12-12 12:37:47,177 INFO (TomcatWebServer.java:108)- Tomcat initialized with port(s): 8088 (http)
2020-12-12 12:37:47,186 INFO (DirectJDKLog.java:173)- Initializing ProtocolHandler ["http-nio-8088"]
2020-12-12 12:37:47,186 INFO (DirectJDKLog.java:173)- Starting service [Tomcat]
2020-12-12 12:37:47,187 INFO (DirectJDKLog.java:173)- Starting Servlet engine: [Apache Tomcat/9.0.39]
2020-12-12 12:37:47,312 INFO (DirectJDKLog.java:173)- Initializing Spring embedded WebApplicationContext
2020-12-12 12:37:47,313 INFO (ServletWebServerApplicationContext.java:289)- Root WebApplicationContext: initialization completed in 1513 ms
2020-12-12 12:37:47,476 INFO (ExecutorConfigurationSupport.java:181)- Initializing ExecutorService 'applicationTaskExecutor'
2020-12-12 12:37:47,524 INFO (LogHelper.java:31)- HHH000204: Processing PersistenceUnitInfo [name: default]
2020-12-12 12:37:47,561 WARN (JpaBaseConfiguration.java:221)- spring.jpa.open-in-view is enabled by default. Therefore, database queries may be performed during view rendering. Explicitly configure spring.jpa.open-in-view to disable this warning
2020-12-12 12:37:47,585 INFO (Version.java:44)- HHH000412: Hibernate ORM core version 5.4.23.Final
2020-12-12 12:37:47,804 INFO (JavaReflectionManager.java:56)- HCANN000001: Hibernate Commons Annotations {5.1.2.Final}
2020-12-12 12:37:47,933 INFO (HikariDataSource.java:110)- hikari_mysql - Starting...
2020-12-12 12:37:47,952 INFO (UserDetailsServiceAutoConfiguration.java:86)- 

Using generated security password: 295ccccd-7208-4e4f-a539-0d1b6dc5006a

2020-12-12 12:37:48,097 INFO (DefaultSecurityFilterChain.java:51)- Will secure any request with [org.springframework.security.web.context.request.async.WebAsyncManagerIntegrationFilter@2d1ccf7d, org.springframework.security.web.context.SecurityContextPersistenceFilter@475bb59f, org.springframework.security.web.header.HeaderWriterFilter@236949ab, org.springframework.security.web.csrf.CsrfFilter@2dd073e6, org.springframework.security.web.authentication.logout.LogoutFilter@3d150b96, org.springframework.security.web.authentication.UsernamePasswordAuthenticationFilter@1d3fbbb1, org.springframework.security.web.authentication.ui.DefaultLoginPageGeneratingFilter@186cffa7, org.springframework.security.web.authentication.ui.DefaultLogoutPageGeneratingFilter@6f0be936, org.springframework.security.web.authentication.www.BasicAuthenticationFilter@1a4a9cc0, org.springframework.security.web.savedrequest.RequestCacheAwareFilter@4ffc1a57, org.springframework.security.web.servletapi.SecurityContextHolderAwareRequestFilter@1e4abfee, org.springframework.security.web.authentication.AnonymousAuthenticationFilter@21e9c48b, org.springframework.security.web.session.SessionManagementFilter@39b47646, org.springframework.security.web.access.ExceptionTranslationFilter@3bfa0862, org.springframework.security.web.access.intercept.FilterSecurityInterceptor@78caf761]
2020-12-12 12:37:48,111 INFO (HikariDataSource.java:123)- hikari_mysql - Start completed.
2020-12-12 12:37:48,131 INFO (Dialect.java:170)- HHH000400: Using dialect: org.hibernate.dialect.MySQL8Dialect
2020-12-12 12:37:48,168 INFO (OptionalLiveReloadServer.java:58)- LiveReload server is running on port 35729
2020-12-12 12:37:48,185 INFO (DirectJDKLog.java:173)- Starting ProtocolHandler ["http-nio-8088"]
2020-12-12 12:37:48,203 INFO (TomcatWebServer.java:220)- Tomcat started on port(s): 8088 (http) with context path ''
2020-12-12 12:37:48,206 INFO (DeferredRepositoryInitializationListener.java:51)- Triggering deferred initialization of Spring Data repositories…
2020-12-12 12:37:48,206 INFO (DeferredRepositoryInitializationListener.java:55)- Spring Data repositories initialized!
2020-12-12 12:37:48,214 INFO (StartupInfoLogger.java:61)- Started JwtApplication in 3.058 seconds (JVM running for 4.419)
2020-12-12 12:37:48,287 INFO (JtaPlatformInitiator.java:52)- HHH000490: Using JtaPlatform implementation: [org.hibernate.engine.transaction.jta.platform.internal.NoJtaPlatform]
2020-12-12 12:37:48,297 INFO (AbstractEntityManagerFactoryBean.java:434)- Initialized JPA EntityManagerFactory for persistence unit 'default'
2020-12-12 12:39:28,527 INFO (StartupInfoLogger.java:55)- Starting JwtApplication using Java 1.8.0_171 on WRGHO-20190617L with PID 8520 (E:\Program Code\Spring-Boot-JWT\target\classes started by Administrator in E:\Program Code\Spring-Boot-JWT)
2020-12-12 12:39:28,530 INFO (SpringApplication.java:664)- The following profiles are active: dev
2020-12-12 12:39:28,567 INFO (DeferredLog.java:255)- Devtools property defaults active! Set 'spring.devtools.add-properties' to 'false' to disable
2020-12-12 12:39:28,567 INFO (DeferredLog.java:255)- For additional web related logging consider setting the 'logging.level.web' property to 'DEBUG'
2020-12-12 12:39:29,128 INFO (RepositoryConfigurationDelegate.java:128)- Bootstrapping Spring Data JPA repositories in DEFERRED mode.
2020-12-12 12:39:29,142 INFO (RepositoryConfigurationDelegate.java:188)- Finished Spring Data repository scanning in 7 ms. Found 0 JPA repository interfaces.
2020-12-12 12:39:29,352 INFO (PostProcessorRegistrationDelegate.java:350)- Bean 'org.springframework.ws.config.annotation.DelegatingWsConfiguration' of type [org.springframework.ws.config.annotation.DelegatingWsConfiguration$$EnhancerBySpringCGLIB$$989c90ec] is not eligible for getting processed by all BeanPostProcessors (for example: not eligible for auto-proxying)
2020-12-12 12:39:29,380 INFO (AbstractAddressingEndpointMapping.java:236)- Supporting [WS-Addressing August 2004, WS-Addressing 1.0]
2020-12-12 12:39:29,652 INFO (TomcatWebServer.java:108)- Tomcat initialized with port(s): 8088 (http)
2020-12-12 12:39:29,659 INFO (DirectJDKLog.java:173)- Initializing ProtocolHandler ["http-nio-8088"]
2020-12-12 12:39:29,660 INFO (DirectJDKLog.java:173)- Starting service [Tomcat]
2020-12-12 12:39:29,660 INFO (DirectJDKLog.java:173)- Starting Servlet engine: [Apache Tomcat/9.0.39]
2020-12-12 12:39:29,772 INFO (DirectJDKLog.java:173)- Initializing Spring embedded WebApplicationContext
2020-12-12 12:39:29,773 INFO (ServletWebServerApplicationContext.java:289)- Root WebApplicationContext: initialization completed in 1205 ms
2020-12-12 12:39:29,911 INFO (ExecutorConfigurationSupport.java:181)- Initializing ExecutorService 'applicationTaskExecutor'
2020-12-12 12:39:29,941 INFO (LogHelper.java:31)- HHH000204: Processing PersistenceUnitInfo [name: default]
2020-12-12 12:39:29,965 WARN (JpaBaseConfiguration.java:221)- spring.jpa.open-in-view is enabled by default. Therefore, database queries may be performed during view rendering. Explicitly configure spring.jpa.open-in-view to disable this warning
2020-12-12 12:39:29,978 INFO (Version.java:44)- HHH000412: Hibernate ORM core version 5.4.23.Final
2020-12-12 12:39:30,131 INFO (JavaReflectionManager.java:56)- HCANN000001: Hibernate Commons Annotations {5.1.2.Final}
2020-12-12 12:39:30,210 INFO (HikariDataSource.java:110)- hikari_mysql - Starting...
2020-12-12 12:39:30,266 INFO (UserDetailsServiceAutoConfiguration.java:86)- 

Using generated security password: 94739429-c53d-4dc1-b105-7069c254e8b6

2020-12-12 12:39:30,336 INFO (HikariDataSource.java:123)- hikari_mysql - Start completed.
2020-12-12 12:39:30,352 INFO (Dialect.java:170)- HHH000400: Using dialect: org.hibernate.dialect.MySQL8Dialect
2020-12-12 12:39:30,358 INFO (DefaultSecurityFilterChain.java:51)- Will secure any request with [org.springframework.security.web.context.request.async.WebAsyncManagerIntegrationFilter@78ef1cff, org.springframework.security.web.context.SecurityContextPersistenceFilter@22fdf045, org.springframework.security.web.header.HeaderWriterFilter@e98be2b, org.springframework.security.web.csrf.CsrfFilter@474442f2, org.springframework.security.web.authentication.logout.LogoutFilter@1b86238a, org.springframework.security.web.authentication.UsernamePasswordAuthenticationFilter@69926d26, org.springframework.security.web.authentication.ui.DefaultLoginPageGeneratingFilter@685d2582, org.springframework.security.web.authentication.ui.DefaultLogoutPageGeneratingFilter@5c4f68ff, org.springframework.security.web.authentication.www.BasicAuthenticationFilter@67c2276f, org.springframework.security.web.savedrequest.RequestCacheAwareFilter@62bb47d7, org.springframework.security.web.servletapi.SecurityContextHolderAwareRequestFilter@64532bd9, org.springframework.security.web.authentication.AnonymousAuthenticationFilter@2a40d546, org.springframework.security.web.session.SessionManagementFilter@99f4885, org.springframework.security.web.access.ExceptionTranslationFilter@710b1852, org.springframework.security.web.access.intercept.FilterSecurityInterceptor@4cc16c87]
2020-12-12 12:39:30,433 INFO (OptionalLiveReloadServer.java:58)- LiveReload server is running on port 35729
2020-12-12 12:39:30,453 INFO (DirectJDKLog.java:173)- Starting ProtocolHandler ["http-nio-8088"]
2020-12-12 12:39:30,470 INFO (TomcatWebServer.java:220)- Tomcat started on port(s): 8088 (http) with context path ''
2020-12-12 12:39:30,472 INFO (DeferredRepositoryInitializationListener.java:51)- Triggering deferred initialization of Spring Data repositories…
2020-12-12 12:39:30,473 INFO (DeferredRepositoryInitializationListener.java:55)- Spring Data repositories initialized!
2020-12-12 12:39:30,480 INFO (StartupInfoLogger.java:61)- Started JwtApplication in 2.547 seconds (JVM running for 3.816)
2020-12-12 12:39:30,488 INFO (JtaPlatformInitiator.java:52)- HHH000490: Using JtaPlatform implementation: [org.hibernate.engine.transaction.jta.platform.internal.NoJtaPlatform]
2020-12-12 12:39:30,497 INFO (AbstractEntityManagerFactoryBean.java:434)- Initialized JPA EntityManagerFactory for persistence unit 'default'
